-------------------------------------------------------------------------------
Test set: Post Generate Token
-------------------------------------------------------------------------------
Tests run: 7, Failures: 0, Errors: 7, Skipped: 0, Time elapsed: 11.343 s <<< FAILURE! - in Post Generate Token
Post Generate Token.Post generate token with null username and null password  Time elapsed: 4.433 s  <<< ERROR!
net.serenitybdd.core.exceptions.SerenityManagedException: 
1 expectation failed.
Response body doesn't match expectation.
Expected: "Error"
  Actual: {"code":"1200","message":"UserName and Password required."}


Post Generate Token.Post generate token with null username and valid password  Time elapsed: 1.004 s  <<< ERROR!
net.serenitybdd.core.exceptions.SerenityManagedException: 
1 expectation failed.
Response body doesn't match expectation.
Expected: "Error"
  Actual: {"code":"1200","message":"UserName and Password required."}


Post Generate Token.Post generate token with valid username and null password  Time elapsed: 0.9 s  <<< ERROR!
net.serenitybdd.core.exceptions.SerenityManagedException: 
1 expectation failed.
Response body doesn't match expectation.
Expected: "Error"
  Actual: {"code":"1200","message":"UserName and Password required."}


Post Generate Token.Post generate token with invalid username and invalid password  Time elapsed: 1.317 s  <<< ERROR!
net.serenitybdd.core.exceptions.SerenityManagedException: 
1 expectation failed.
Expected status code <200> but was <400>.


Post Generate Token.Post generate token with valid username and invalid password  Time elapsed: 1.24 s  <<< ERROR!
net.serenitybdd.core.exceptions.SerenityManagedException: 
1 expectation failed.
Expected status code <200> but was <400>.


Post Generate Token.Post generate token with invalid username and valid password  Time elapsed: 1.403 s  <<< ERROR!
net.serenitybdd.core.exceptions.SerenityManagedException: 
1 expectation failed.
Expected status code <200> but was <400>.


Post Generate Token.Post generate token with valid username and valid password  Time elapsed: 0.969 s  <<< ERROR!
net.serenitybdd.core.exceptions.SerenityManagedException: 
1 expectation failed.
Expected status code <200> but was <400>.


