<?xml version="1.0" encoding="UTF-8"?><testsuite errors="0" failures="0" name="Login with generate token" skipped="0" tests="9" time="11.64" timestamp="2022-10-23 10:33:13"><testcase name="Login with valid token"/><testcase name="Login with null body"/><testcase name="Login with null username"/><testcase name="Login with null password"/><testcase name="Login with invalid body"/><testcase name="Login with integer body"/><testcase name="Login with integer username"/><testcase name="Login with integer password"/><testcase name="Login with invalid token"/></testsuite>